nohup: ignoring input
[I 2025-06-25 01:40:20.334 ServerApp] jupyter_lsp | extension was successfully linked.
[I 2025-06-25 01:40:20.336 ServerApp] jupyter_server_terminals | extension was successfully linked.
[I 2025-06-25 01:40:20.341 ServerApp] jupyterlab | extension was successfully linked.
[I 2025-06-25 01:40:20.345 ServerApp] notebook | extension was successfully linked.
[I 2025-06-25 01:40:20.346 ServerApp] Writing Jupyter server cookie secret to /home/vscode/.local/share/jupyter/runtime/jupyter_cookie_secret
[I 2025-06-25 01:40:20.530 ServerApp] notebook_shim | extension was successfully linked.
[I 2025-06-25 01:40:20.530 ServerApp] panel.io.jupyter_server_extension | extension was successfully linked.
[I 2025-06-25 01:40:20.542 ServerApp] notebook_shim | extension was successfully loaded.
[I 2025-06-25 01:40:20.543 ServerApp] jupyter_lsp | extension was successfully loaded.
[I 2025-06-25 01:40:20.543 ServerApp] jupyter_server_terminals | extension was successfully loaded.
[I 2025-06-25 01:40:20.549 LabApp] JupyterLab extension loaded from /opt/conda/lib/python3.12/site-packages/jupyterlab
[I 2025-06-25 01:40:20.549 LabApp] JupyterLab application directory is /opt/conda/share/jupyter/lab
[I 2025-06-25 01:40:20.549 LabApp] Extension Manager is 'pypi'.
[I 2025-06-25 01:40:20.555 ServerApp] jupyterlab | extension was successfully loaded.
[I 2025-06-25 01:40:20.556 ServerApp] notebook | extension was successfully loaded.
[I 2025-06-25 01:40:20.556 ServerApp] panel.io.jupyter_server_extension | extension was successfully loaded.
[I 2025-06-25 01:40:20.557 ServerApp] Serving notebooks from local directory: /workspaces/assg07-Naki529
[I 2025-06-25 01:40:20.557 ServerApp] Jupyter Server 2.14.1 is running at:
[I 2025-06-25 01:40:20.557 ServerApp] http://a6bccfd81e0b:8888/lab?token=cfeea6af004391f3c0fcfb9fbbb2a30ef556674116bd5a9f
[I 2025-06-25 01:40:20.557 ServerApp]     http://127.0.0.1:8888/lab?token=cfeea6af004391f3c0fcfb9fbbb2a30ef556674116bd5a9f
[I 2025-06-25 01:40:20.557 ServerApp] Use Control-C to stop this server and shut down all kernels (twice to skip confirmation).
[W 2025-06-25 01:40:20.559 ServerApp] No web browser found: Error('could not locate runnable browser').
[C 2025-06-25 01:40:20.559 ServerApp] 
    
    To access the server, open this file in a browser:
        file:///home/vscode/.local/share/jupyter/runtime/jpserver-452-open.html
    Or copy and paste one of these URLs:
        http://a6bccfd81e0b:8888/lab?token=cfeea6af004391f3c0fcfb9fbbb2a30ef556674116bd5a9f
        http://127.0.0.1:8888/lab?token=cfeea6af004391f3c0fcfb9fbbb2a30ef556674116bd5a9f
[I 2025-06-25 01:40:20.576 ServerApp] Skipped non-installed server(s): bash-language-server, dockerfile-language-server-nodejs, javascript-typescript-langserver, jedi-language-server, julia-language-server, pyright, python-language-server, r-languageserver, sql-language-server, texlab, typescript-language-server, unified-language-server, vscode-css-languageserver-bin, vscode-html-languageserver-bin, vscode-json-languageserver-bin, yaml-language-server
